C:\REPOSITORY\COMPILER\TUTORIAL11_2D_FONTS.DIR\DEBUG\SHADER.OBJ
C:\REPOSITORY\COMPILER\TUTORIAL11_2D_FONTS.DIR\DEBUG\OBJLOADER.OBJ
C:\REPOSITORY\COMPILER\TUTORIAL11_2D_FONTS.DIR\DEBUG\TEXT2D.OBJ
C:\REPOSITORY\COMPILER\TUTORIAL11_2D_FONTS.DIR\DEBUG\TUTORIAL11.OBJ
C:\REPOSITORY\COMPILER\TUTORIAL11_2D_FONTS.DIR\DEBUG\TEXTURE.OBJ
C:\REPOSITORY\COMPILER\TUTORIAL11_2D_FONTS.DIR\DEBUG\CONTROLS.OBJ
C:\REPOSITORY\COMPILER\TUTORIAL11_2D_FONTS.DIR\DEBUG\VBOINDEXER.OBJ
C:\REPOSITORY\COMPILER\DEBUG\TUTORIAL11_2D_FONTS.PDB
C:\REPOSITORY\COMPILER\CMAKEFILES\GENERATE.STAMP
C:\REPOSITORY\COMPILER\DEBUG\TUTORIAL11_2D_FONTS.ILK
C:\REPOSITORY\COMPILER\DEBUG\TUTORIAL11_2D_FONTS.EXE
C:\Repository\Compiler\tutorial11_2d_fonts.dir\Debug\tutorial11_2d_fonts.vcxprojResolveAssemblyReference.cache
C:\Repository\Compiler\tutorial11_2d_fonts.dir\Debug\controls.obj
C:\Repository\Compiler\tutorial11_2d_fonts.dir\Debug\objloader.obj
C:\Repository\Compiler\tutorial11_2d_fonts.dir\Debug\shader.obj
C:\Repository\Compiler\tutorial11_2d_fonts.dir\Debug\text2D.obj
C:\Repository\Compiler\tutorial11_2d_fonts.dir\Debug\texture.obj
C:\Repository\Compiler\tutorial11_2d_fonts.dir\Debug\tutorial11.obj
C:\Repository\Compiler\tutorial11_2d_fonts.dir\Debug\vboindexer.obj
C:\Repository\Compiler\tutorial11_2d_fonts.dir\Debug\CL.4960.read.1.tlog
C:\Repository\Compiler\tutorial11_2d_fonts.dir\Debug\CL.4960.write.1.tlog
C:\Repository\Compiler\tutorial11_2d_fonts.dir\Debug\CL.7648.read.1.tlog
C:\Repository\Compiler\tutorial11_2d_fonts.dir\Debug\CL.7648.write.1.tlog
C:\Repository\Compiler\tutorial11_2d_fonts.dir\Debug\CL.7664.read.1.tlog
C:\Repository\Compiler\tutorial11_2d_fonts.dir\Debug\CL.7664.write.1.tlog
C:\Repository\Compiler\tutorial11_2d_fonts.dir\Debug\CL.8412.read.1.tlog
C:\Repository\Compiler\tutorial11_2d_fonts.dir\Debug\CL.8412.write.1.tlog
C:\Repository\Compiler\tutorial11_2d_fonts.dir\Debug\CL.8788.read.1.tlog
C:\Repository\Compiler\tutorial11_2d_fonts.dir\Debug\CL.8788.write.1.tlog
C:\Repository\Compiler\tutorial11_2d_fonts.dir\Debug\CL.8872.read.1.tlog
C:\Repository\Compiler\tutorial11_2d_fonts.dir\Debug\CL.8872.write.1.tlog
C:\Repository\Compiler\tutorial11_2d_fonts.dir\Debug\CL.8972.read.1.tlog
C:\Repository\Compiler\tutorial11_2d_fonts.dir\Debug\CL.8972.write.1.tlog
C:\Repository\Compiler\tutorial11_2d_fonts.dir\Debug\cl.command.1.tlog
C:\Repository\Compiler\tutorial11_2d_fonts.dir\Debug\CL.read.1.tlog
C:\Repository\Compiler\tutorial11_2d_fonts.dir\Debug\CL.write.1.tlog
C:\Repository\Compiler\tutorial11_2d_fonts.dir\Debug\custombuild.command.1.tlog
C:\Repository\Compiler\tutorial11_2d_fonts.dir\Debug\custombuild.read.1.tlog
C:\Repository\Compiler\tutorial11_2d_fonts.dir\Debug\custombuild.write.1.tlog
C:\Repository\Compiler\tutorial11_2d_fonts.dir\Debug\link-cvtres.read.1.tlog
C:\Repository\Compiler\tutorial11_2d_fonts.dir\Debug\link-cvtres.write.1.tlog
C:\Repository\Compiler\tutorial11_2d_fonts.dir\Debug\link-rc.read.1.tlog
C:\Repository\Compiler\tutorial11_2d_fonts.dir\Debug\link-rc.write.1.tlog
C:\Repository\Compiler\tutorial11_2d_fonts.dir\Debug\link.command.1.tlog
C:\Repository\Compiler\tutorial11_2d_fonts.dir\Debug\link.read.1.tlog
C:\Repository\Compiler\tutorial11_2d_fonts.dir\Debug\link.write.1.tlog
C:\Repository\Compiler\Debug\tutorial11_2d_fonts.pdb
C:\Repository\Compiler\Debug\tutorial11_2d_fonts.exe
C:\Repository\Compiler\Debug\tutorial11_2d_fonts.ilk
