C:\REPOSITORY\COMPILER\TUTORIAL12_EXTENSIONS.DIR\DEBUG\OBJLOADER.OBJ
C:\REPOSITORY\COMPILER\TUTORIAL12_EXTENSIONS.DIR\DEBUG\CONTROLS.OBJ
C:\REPOSITORY\COMPILER\TUTORIAL12_EXTENSIONS.DIR\DEBUG\VBOINDEXER.OBJ
C:\REPOSITORY\COMPILER\TUTORIAL12_EXTENSIONS.DIR\DEBUG\SHADER.OBJ
C:\REPOSITORY\COMPILER\TUTORIAL12_EXTENSIONS.DIR\DEBUG\TEXTURE.OBJ
C:\REPOSITORY\COMPILER\TUTORIAL12_EXTENSIONS.DIR\DEBUG\TUTORIAL12.OBJ
C:\REPOSITORY\COMPILER\DEBUG\TUTORIAL12_EXTENSIONS.PDB
C:\REPOSITORY\COMPILER\CMAKEFILES\GENERATE.STAMP
C:\REPOSITORY\COMPILER\DEBUG\TUTORIAL12_EXTENSIONS.ILK
C:\REPOSITORY\COMPILER\DEBUG\TUTORIAL12_EXTENSIONS.EXE
C:\Repository\Compiler\tutorial12_extensions.dir\Debug\tutorial12_extensions.vcxprojResolveAssemblyReference.cache
C:\Repository\Compiler\tutorial12_extensions.dir\Debug\controls.obj
C:\Repository\Compiler\tutorial12_extensions.dir\Debug\objloader.obj
C:\Repository\Compiler\tutorial12_extensions.dir\Debug\shader.obj
C:\Repository\Compiler\tutorial12_extensions.dir\Debug\texture.obj
C:\Repository\Compiler\tutorial12_extensions.dir\Debug\tutorial12.obj
C:\Repository\Compiler\tutorial12_extensions.dir\Debug\vboindexer.obj
C:\Repository\Compiler\tutorial12_extensions.dir\Debug\CL.1684.read.1.tlog
C:\Repository\Compiler\tutorial12_extensions.dir\Debug\CL.1684.write.1.tlog
C:\Repository\Compiler\tutorial12_extensions.dir\Debug\CL.4956.read.1.tlog
C:\Repository\Compiler\tutorial12_extensions.dir\Debug\CL.4956.write.1.tlog
C:\Repository\Compiler\tutorial12_extensions.dir\Debug\CL.5380.read.1.tlog
C:\Repository\Compiler\tutorial12_extensions.dir\Debug\CL.5380.write.1.tlog
C:\Repository\Compiler\tutorial12_extensions.dir\Debug\CL.8296.read.1.tlog
C:\Repository\Compiler\tutorial12_extensions.dir\Debug\CL.8296.write.1.tlog
C:\Repository\Compiler\tutorial12_extensions.dir\Debug\CL.8340.read.1.tlog
C:\Repository\Compiler\tutorial12_extensions.dir\Debug\CL.8340.write.1.tlog
C:\Repository\Compiler\tutorial12_extensions.dir\Debug\CL.9464.read.1.tlog
C:\Repository\Compiler\tutorial12_extensions.dir\Debug\CL.9464.write.1.tlog
C:\Repository\Compiler\tutorial12_extensions.dir\Debug\cl.command.1.tlog
C:\Repository\Compiler\tutorial12_extensions.dir\Debug\CL.read.1.tlog
C:\Repository\Compiler\tutorial12_extensions.dir\Debug\CL.write.1.tlog
C:\Repository\Compiler\tutorial12_extensions.dir\Debug\custombuild.command.1.tlog
C:\Repository\Compiler\tutorial12_extensions.dir\Debug\custombuild.read.1.tlog
C:\Repository\Compiler\tutorial12_extensions.dir\Debug\custombuild.write.1.tlog
C:\Repository\Compiler\tutorial12_extensions.dir\Debug\link-cvtres.read.1.tlog
C:\Repository\Compiler\tutorial12_extensions.dir\Debug\link-cvtres.write.1.tlog
C:\Repository\Compiler\tutorial12_extensions.dir\Debug\link-rc.read.1.tlog
C:\Repository\Compiler\tutorial12_extensions.dir\Debug\link-rc.write.1.tlog
C:\Repository\Compiler\tutorial12_extensions.dir\Debug\link.command.1.tlog
C:\Repository\Compiler\tutorial12_extensions.dir\Debug\link.read.1.tlog
C:\Repository\Compiler\tutorial12_extensions.dir\Debug\link.write.1.tlog
C:\Repository\Compiler\Debug\tutorial12_extensions.pdb
C:\Repository\Compiler\Debug\tutorial12_extensions.exe
C:\Repository\Compiler\Debug\tutorial12_extensions.ilk
