C:\REPOSITORY\COMPILER\TUTORIAL10_TRANSPARENCY.DIR\DEBUG\TUTORIAL10.OBJ
C:\REPOSITORY\COMPILER\TUTORIAL10_TRANSPARENCY.DIR\DEBUG\VBOINDEXER.OBJ
C:\REPOSITORY\COMPILER\TUTORIAL10_TRANSPARENCY.DIR\DEBUG\OBJLOADER.OBJ
C:\REPOSITORY\COMPILER\TUTORIAL10_TRANSPARENCY.DIR\DEBUG\SHADER.OBJ
C:\REPOSITORY\COMPILER\TUTORIAL10_TRANSPARENCY.DIR\DEBUG\CONTROLS.OBJ
C:\REPOSITORY\COMPILER\TUTORIAL10_TRANSPARENCY.DIR\DEBUG\TEXTURE.OBJ
C:\REPOSITORY\COMPILER\DEBUG\TUTORIAL10_TRANSPARENCY.PDB
C:\REPOSITORY\COMPILER\CMAKEFILES\GENERATE.STAMP
C:\REPOSITORY\COMPILER\DEBUG\TUTORIAL10_TRANSPARENCY.ILK
C:\REPOSITORY\COMPILER\DEBUG\TUTORIAL10_TRANSPARENCY.EXE
C:\Repository\Compiler\tutorial10_transparency.dir\Debug\tutorial10_transparency.vcxprojResolveAssemblyReference.cache
C:\Repository\Compiler\tutorial10_transparency.dir\Debug\controls.obj
C:\Repository\Compiler\tutorial10_transparency.dir\Debug\objloader.obj
C:\Repository\Compiler\tutorial10_transparency.dir\Debug\shader.obj
C:\Repository\Compiler\tutorial10_transparency.dir\Debug\texture.obj
C:\Repository\Compiler\tutorial10_transparency.dir\Debug\tutorial10.obj
C:\Repository\Compiler\tutorial10_transparency.dir\Debug\vboindexer.obj
C:\Repository\Compiler\tutorial10_transparency.dir\Debug\CL.1376.read.1.tlog
C:\Repository\Compiler\tutorial10_transparency.dir\Debug\CL.1376.write.1.tlog
C:\Repository\Compiler\tutorial10_transparency.dir\Debug\CL.4948.read.1.tlog
C:\Repository\Compiler\tutorial10_transparency.dir\Debug\CL.4948.write.1.tlog
C:\Repository\Compiler\tutorial10_transparency.dir\Debug\CL.5128.read.1.tlog
C:\Repository\Compiler\tutorial10_transparency.dir\Debug\CL.5128.write.1.tlog
C:\Repository\Compiler\tutorial10_transparency.dir\Debug\CL.6340.read.1.tlog
C:\Repository\Compiler\tutorial10_transparency.dir\Debug\CL.6340.write.1.tlog
C:\Repository\Compiler\tutorial10_transparency.dir\Debug\CL.7672.read.1.tlog
C:\Repository\Compiler\tutorial10_transparency.dir\Debug\CL.7672.write.1.tlog
C:\Repository\Compiler\tutorial10_transparency.dir\Debug\CL.7792.read.1.tlog
C:\Repository\Compiler\tutorial10_transparency.dir\Debug\CL.7792.write.1.tlog
C:\Repository\Compiler\tutorial10_transparency.dir\Debug\cl.command.1.tlog
C:\Repository\Compiler\tutorial10_transparency.dir\Debug\CL.read.1.tlog
C:\Repository\Compiler\tutorial10_transparency.dir\Debug\CL.write.1.tlog
C:\Repository\Compiler\tutorial10_transparency.dir\Debug\custombuild.command.1.tlog
C:\Repository\Compiler\tutorial10_transparency.dir\Debug\custombuild.read.1.tlog
C:\Repository\Compiler\tutorial10_transparency.dir\Debug\custombuild.write.1.tlog
C:\Repository\Compiler\tutorial10_transparency.dir\Debug\link-cvtres.read.1.tlog
C:\Repository\Compiler\tutorial10_transparency.dir\Debug\link-cvtres.write.1.tlog
C:\Repository\Compiler\tutorial10_transparency.dir\Debug\link-rc.read.1.tlog
C:\Repository\Compiler\tutorial10_transparency.dir\Debug\link-rc.write.1.tlog
C:\Repository\Compiler\tutorial10_transparency.dir\Debug\link.command.1.tlog
C:\Repository\Compiler\tutorial10_transparency.dir\Debug\link.read.1.tlog
C:\Repository\Compiler\tutorial10_transparency.dir\Debug\link.write.1.tlog
C:\Repository\Compiler\Debug\tutorial10_transparency.pdb
C:\Repository\Compiler\Debug\tutorial10_transparency.exe
C:\Repository\Compiler\Debug\tutorial10_transparency.ilk
