C:\REPOSITORY\COMPILER\TUTORIAL03_MATRICES.DIR\DEBUG\TUTORIAL03.OBJ
C:\REPOSITORY\COMPILER\TUTORIAL03_MATRICES.DIR\DEBUG\SHADER.OBJ
C:\REPOSITORY\COMPILER\DEBUG\TUTORIAL03_MATRICES.PDB
C:\REPOSITORY\COMPILER\CMAKEFILES\GENERATE.STAMP
C:\REPOSITORY\COMPILER\DEBUG\TUTORIAL03_MATRICES.ILK
C:\REPOSITORY\COMPILER\DEBUG\TUTORIAL03_MATRICES.EXE
C:\Repository\Compiler\tutorial03_matrices.dir\Debug\tutorial03_matrices.vcxprojResolveAssemblyReference.cache
C:\Repository\Compiler\tutorial03_matrices.dir\Debug\shader.obj
C:\Repository\Compiler\tutorial03_matrices.dir\Debug\tutorial03.obj
C:\Repository\Compiler\tutorial03_matrices.dir\Debug\CL.1068.read.1.tlog
C:\Repository\Compiler\tutorial03_matrices.dir\Debug\CL.1068.write.1.tlog
C:\Repository\Compiler\tutorial03_matrices.dir\Debug\CL.5140.read.1.tlog
C:\Repository\Compiler\tutorial03_matrices.dir\Debug\CL.5140.write.1.tlog
C:\Repository\Compiler\tutorial03_matrices.dir\Debug\cl.command.1.tlog
C:\Repository\Compiler\tutorial03_matrices.dir\Debug\CL.read.1.tlog
C:\Repository\Compiler\tutorial03_matrices.dir\Debug\CL.write.1.tlog
C:\Repository\Compiler\tutorial03_matrices.dir\Debug\custombuild.command.1.tlog
C:\Repository\Compiler\tutorial03_matrices.dir\Debug\custombuild.read.1.tlog
C:\Repository\Compiler\tutorial03_matrices.dir\Debug\custombuild.write.1.tlog
C:\Repository\Compiler\tutorial03_matrices.dir\Debug\link-cvtres.read.1.tlog
C:\Repository\Compiler\tutorial03_matrices.dir\Debug\link-cvtres.write.1.tlog
C:\Repository\Compiler\tutorial03_matrices.dir\Debug\link-rc.read.1.tlog
C:\Repository\Compiler\tutorial03_matrices.dir\Debug\link-rc.write.1.tlog
C:\Repository\Compiler\tutorial03_matrices.dir\Debug\link.7332-cvtres.read.1.tlog
C:\Repository\Compiler\tutorial03_matrices.dir\Debug\link.7332-cvtres.write.1.tlog
C:\Repository\Compiler\tutorial03_matrices.dir\Debug\link.7332-rc.read.1.tlog
C:\Repository\Compiler\tutorial03_matrices.dir\Debug\link.7332-rc.write.1.tlog
C:\Repository\Compiler\tutorial03_matrices.dir\Debug\link.7332.read.1.tlog
C:\Repository\Compiler\tutorial03_matrices.dir\Debug\link.7332.write.1.tlog
C:\Repository\Compiler\tutorial03_matrices.dir\Debug\link.8800-cvtres.read.1.tlog
C:\Repository\Compiler\tutorial03_matrices.dir\Debug\link.8800-cvtres.write.1.tlog
C:\Repository\Compiler\tutorial03_matrices.dir\Debug\link.8800-rc.read.1.tlog
C:\Repository\Compiler\tutorial03_matrices.dir\Debug\link.8800-rc.write.1.tlog
C:\Repository\Compiler\tutorial03_matrices.dir\Debug\link.8800.read.1.tlog
C:\Repository\Compiler\tutorial03_matrices.dir\Debug\link.8800.write.1.tlog
C:\Repository\Compiler\tutorial03_matrices.dir\Debug\link.command.1.tlog
C:\Repository\Compiler\tutorial03_matrices.dir\Debug\link.read.1.tlog
C:\Repository\Compiler\tutorial03_matrices.dir\Debug\link.write.1.tlog
C:\Repository\Compiler\Debug\tutorial03_matrices.pdb
C:\Repository\Compiler\Debug\tutorial03_matrices.exe
C:\Repository\Compiler\Debug\tutorial03_matrices.ilk
