C:\REPOSITORY\COMPILER\TUTORIAL14_RENDER_TO_TEXTURE.DIR\DEBUG\TEXT2D.OBJ
C:\REPOSITORY\COMPILER\TUTORIAL14_RENDER_TO_TEXTURE.DIR\DEBUG\SHADER.OBJ
C:\REPOSITORY\COMPILER\TUTORIAL14_RENDER_TO_TEXTURE.DIR\DEBUG\OBJLOADER.OBJ
C:\REPOSITORY\COMPILER\TUTORIAL14_RENDER_TO_TEXTURE.DIR\DEBUG\TEXTURE.OBJ
C:\REPOSITORY\COMPILER\TUTORIAL14_RENDER_TO_TEXTURE.DIR\DEBUG\VBOINDEXER.OBJ
C:\REPOSITORY\COMPILER\TUTORIAL14_RENDER_TO_TEXTURE.DIR\DEBUG\TUTORIAL14.OBJ
C:\REPOSITORY\COMPILER\TUTORIAL14_RENDER_TO_TEXTURE.DIR\DEBUG\CONTROLS.OBJ
C:\REPOSITORY\COMPILER\DEBUG\TUTORIAL14_RENDER_TO_TEXTURE.PDB
C:\REPOSITORY\COMPILER\CMAKEFILES\GENERATE.STAMP
C:\REPOSITORY\COMPILER\DEBUG\TUTORIAL14_RENDER_TO_TEXTURE.ILK
C:\REPOSITORY\COMPILER\DEBUG\TUTORIAL14_RENDER_TO_TEXTURE.EXE
C:\Repository\Compiler\tutorial14_render_to_texture.dir\Debug\tutorial14_render_to_texture.vcxprojResolveAssemblyReference.cache
C:\Repository\Compiler\tutorial14_render_to_texture.dir\Debug\controls.obj
C:\Repository\Compiler\tutorial14_render_to_texture.dir\Debug\objloader.obj
C:\Repository\Compiler\tutorial14_render_to_texture.dir\Debug\shader.obj
C:\Repository\Compiler\tutorial14_render_to_texture.dir\Debug\text2D.obj
C:\Repository\Compiler\tutorial14_render_to_texture.dir\Debug\texture.obj
C:\Repository\Compiler\tutorial14_render_to_texture.dir\Debug\tutorial14.obj
C:\Repository\Compiler\tutorial14_render_to_texture.dir\Debug\vboindexer.obj
C:\Repository\Compiler\tutorial14_render_to_texture.dir\Debug\CL.4440.read.1.tlog
C:\Repository\Compiler\tutorial14_render_to_texture.dir\Debug\CL.4440.write.1.tlog
C:\Repository\Compiler\tutorial14_render_to_texture.dir\Debug\CL.4884.read.1.tlog
C:\Repository\Compiler\tutorial14_render_to_texture.dir\Debug\CL.4884.write.1.tlog
C:\Repository\Compiler\tutorial14_render_to_texture.dir\Debug\CL.7132.read.1.tlog
C:\Repository\Compiler\tutorial14_render_to_texture.dir\Debug\CL.7132.write.1.tlog
C:\Repository\Compiler\tutorial14_render_to_texture.dir\Debug\CL.7944.read.1.tlog
C:\Repository\Compiler\tutorial14_render_to_texture.dir\Debug\CL.7944.write.1.tlog
C:\Repository\Compiler\tutorial14_render_to_texture.dir\Debug\CL.8240.read.1.tlog
C:\Repository\Compiler\tutorial14_render_to_texture.dir\Debug\CL.8240.write.1.tlog
C:\Repository\Compiler\tutorial14_render_to_texture.dir\Debug\CL.8932.read.1.tlog
C:\Repository\Compiler\tutorial14_render_to_texture.dir\Debug\CL.8932.write.1.tlog
C:\Repository\Compiler\tutorial14_render_to_texture.dir\Debug\CL.9276.read.1.tlog
C:\Repository\Compiler\tutorial14_render_to_texture.dir\Debug\CL.9276.write.1.tlog
C:\Repository\Compiler\tutorial14_render_to_texture.dir\Debug\cl.command.1.tlog
C:\Repository\Compiler\tutorial14_render_to_texture.dir\Debug\CL.read.1.tlog
C:\Repository\Compiler\tutorial14_render_to_texture.dir\Debug\CL.write.1.tlog
C:\Repository\Compiler\tutorial14_render_to_texture.dir\Debug\custombuild.command.1.tlog
C:\Repository\Compiler\tutorial14_render_to_texture.dir\Debug\custombuild.read.1.tlog
C:\Repository\Compiler\tutorial14_render_to_texture.dir\Debug\custombuild.write.1.tlog
C:\Repository\Compiler\tutorial14_render_to_texture.dir\Debug\link-cvtres.read.1.tlog
C:\Repository\Compiler\tutorial14_render_to_texture.dir\Debug\link-cvtres.write.1.tlog
C:\Repository\Compiler\tutorial14_render_to_texture.dir\Debug\link-rc.read.1.tlog
C:\Repository\Compiler\tutorial14_render_to_texture.dir\Debug\link-rc.write.1.tlog
C:\Repository\Compiler\tutorial14_render_to_texture.dir\Debug\link.command.1.tlog
C:\Repository\Compiler\tutorial14_render_to_texture.dir\Debug\link.read.1.tlog
C:\Repository\Compiler\tutorial14_render_to_texture.dir\Debug\link.write.1.tlog
C:\Repository\Compiler\Debug\tutorial14_render_to_texture.pdb
C:\Repository\Compiler\Debug\tutorial14_render_to_texture.exe
C:\Repository\Compiler\Debug\tutorial14_render_to_texture.ilk
