C:\REPOSITORY\COMPILER\TUTORIAL15_LIGHTMAPS.DIR\DEBUG\VBOINDEXER.OBJ
C:\REPOSITORY\COMPILER\TUTORIAL15_LIGHTMAPS.DIR\DEBUG\TUTORIAL15.OBJ
C:\REPOSITORY\COMPILER\TUTORIAL15_LIGHTMAPS.DIR\DEBUG\TEXTURE.OBJ
C:\REPOSITORY\COMPILER\TUTORIAL15_LIGHTMAPS.DIR\DEBUG\OBJLOADER.OBJ
C:\REPOSITORY\COMPILER\TUTORIAL15_LIGHTMAPS.DIR\DEBUG\SHADER.OBJ
C:\REPOSITORY\COMPILER\TUTORIAL15_LIGHTMAPS.DIR\DEBUG\CONTROLS.OBJ
C:\REPOSITORY\COMPILER\DEBUG\TUTORIAL15_LIGHTMAPS.PDB
C:\REPOSITORY\COMPILER\CMAKEFILES\GENERATE.STAMP
C:\REPOSITORY\COMPILER\DEBUG\TUTORIAL15_LIGHTMAPS.ILK
C:\REPOSITORY\COMPILER\DEBUG\TUTORIAL15_LIGHTMAPS.EXE
C:\Repository\Compiler\tutorial15_lightmaps.dir\Debug\tutorial15_lightmaps.vcxprojResolveAssemblyReference.cache
C:\Repository\Compiler\tutorial15_lightmaps.dir\Debug\controls.obj
C:\Repository\Compiler\tutorial15_lightmaps.dir\Debug\objloader.obj
C:\Repository\Compiler\tutorial15_lightmaps.dir\Debug\shader.obj
C:\Repository\Compiler\tutorial15_lightmaps.dir\Debug\texture.obj
C:\Repository\Compiler\tutorial15_lightmaps.dir\Debug\tutorial15.obj
C:\Repository\Compiler\tutorial15_lightmaps.dir\Debug\vboindexer.obj
C:\Repository\Compiler\tutorial15_lightmaps.dir\Debug\CL.10104.read.1.tlog
C:\Repository\Compiler\tutorial15_lightmaps.dir\Debug\CL.10104.write.1.tlog
C:\Repository\Compiler\tutorial15_lightmaps.dir\Debug\CL.10120.read.1.tlog
C:\Repository\Compiler\tutorial15_lightmaps.dir\Debug\CL.10120.write.1.tlog
C:\Repository\Compiler\tutorial15_lightmaps.dir\Debug\CL.5556.read.1.tlog
C:\Repository\Compiler\tutorial15_lightmaps.dir\Debug\CL.5556.write.1.tlog
C:\Repository\Compiler\tutorial15_lightmaps.dir\Debug\CL.7300.read.1.tlog
C:\Repository\Compiler\tutorial15_lightmaps.dir\Debug\CL.7300.write.1.tlog
C:\Repository\Compiler\tutorial15_lightmaps.dir\Debug\CL.7816.read.1.tlog
C:\Repository\Compiler\tutorial15_lightmaps.dir\Debug\CL.7816.write.1.tlog
C:\Repository\Compiler\tutorial15_lightmaps.dir\Debug\CL.9828.read.1.tlog
C:\Repository\Compiler\tutorial15_lightmaps.dir\Debug\CL.9828.write.1.tlog
C:\Repository\Compiler\tutorial15_lightmaps.dir\Debug\cl.command.1.tlog
C:\Repository\Compiler\tutorial15_lightmaps.dir\Debug\CL.read.1.tlog
C:\Repository\Compiler\tutorial15_lightmaps.dir\Debug\CL.write.1.tlog
C:\Repository\Compiler\tutorial15_lightmaps.dir\Debug\custombuild.command.1.tlog
C:\Repository\Compiler\tutorial15_lightmaps.dir\Debug\custombuild.read.1.tlog
C:\Repository\Compiler\tutorial15_lightmaps.dir\Debug\custombuild.write.1.tlog
C:\Repository\Compiler\tutorial15_lightmaps.dir\Debug\link-cvtres.read.1.tlog
C:\Repository\Compiler\tutorial15_lightmaps.dir\Debug\link-cvtres.write.1.tlog
C:\Repository\Compiler\tutorial15_lightmaps.dir\Debug\link-rc.read.1.tlog
C:\Repository\Compiler\tutorial15_lightmaps.dir\Debug\link-rc.write.1.tlog
C:\Repository\Compiler\tutorial15_lightmaps.dir\Debug\link.command.1.tlog
C:\Repository\Compiler\tutorial15_lightmaps.dir\Debug\link.read.1.tlog
C:\Repository\Compiler\tutorial15_lightmaps.dir\Debug\link.write.1.tlog
C:\Repository\Compiler\Debug\tutorial15_lightmaps.pdb
C:\Repository\Compiler\Debug\tutorial15_lightmaps.exe
C:\Repository\Compiler\Debug\tutorial15_lightmaps.ilk
