C:\REPOSITORY\COMPILER\TUTORIAL09_VBO_INDEXING.DIR\DEBUG\TUTORIAL09.OBJ
C:\REPOSITORY\COMPILER\TUTORIAL09_VBO_INDEXING.DIR\DEBUG\TEXTURE.OBJ
C:\REPOSITORY\COMPILER\TUTORIAL09_VBO_INDEXING.DIR\DEBUG\OBJLOADER.OBJ
C:\REPOSITORY\COMPILER\TUTORIAL09_VBO_INDEXING.DIR\DEBUG\SHADER.OBJ
C:\REPOSITORY\COMPILER\TUTORIAL09_VBO_INDEXING.DIR\DEBUG\VBOINDEXER.OBJ
C:\REPOSITORY\COMPILER\TUTORIAL09_VBO_INDEXING.DIR\DEBUG\CONTROLS.OBJ
C:\REPOSITORY\COMPILER\DEBUG\TUTORIAL09_VBO_INDEXING.PDB
C:\REPOSITORY\COMPILER\CMAKEFILES\GENERATE.STAMP
C:\REPOSITORY\COMPILER\DEBUG\TUTORIAL09_VBO_INDEXING.ILK
C:\REPOSITORY\COMPILER\DEBUG\TUTORIAL09_VBO_INDEXING.EXE
C:\Repository\Compiler\tutorial09_vbo_indexing.dir\Debug\tutorial09_vbo_indexing.vcxprojResolveAssemblyReference.cache
C:\Repository\Compiler\tutorial09_vbo_indexing.dir\Debug\controls.obj
C:\Repository\Compiler\tutorial09_vbo_indexing.dir\Debug\objloader.obj
C:\Repository\Compiler\tutorial09_vbo_indexing.dir\Debug\shader.obj
C:\Repository\Compiler\tutorial09_vbo_indexing.dir\Debug\texture.obj
C:\Repository\Compiler\tutorial09_vbo_indexing.dir\Debug\tutorial09.obj
C:\Repository\Compiler\tutorial09_vbo_indexing.dir\Debug\vboindexer.obj
C:\Repository\Compiler\tutorial09_vbo_indexing.dir\Debug\CL.10220.read.1.tlog
C:\Repository\Compiler\tutorial09_vbo_indexing.dir\Debug\CL.10220.write.1.tlog
C:\Repository\Compiler\tutorial09_vbo_indexing.dir\Debug\CL.7432.read.1.tlog
C:\Repository\Compiler\tutorial09_vbo_indexing.dir\Debug\CL.7432.write.1.tlog
C:\Repository\Compiler\tutorial09_vbo_indexing.dir\Debug\CL.8324.read.1.tlog
C:\Repository\Compiler\tutorial09_vbo_indexing.dir\Debug\CL.8324.write.1.tlog
C:\Repository\Compiler\tutorial09_vbo_indexing.dir\Debug\CL.9048.read.1.tlog
C:\Repository\Compiler\tutorial09_vbo_indexing.dir\Debug\CL.9048.write.1.tlog
C:\Repository\Compiler\tutorial09_vbo_indexing.dir\Debug\CL.9060.read.1.tlog
C:\Repository\Compiler\tutorial09_vbo_indexing.dir\Debug\CL.9060.write.1.tlog
C:\Repository\Compiler\tutorial09_vbo_indexing.dir\Debug\CL.9828.read.1.tlog
C:\Repository\Compiler\tutorial09_vbo_indexing.dir\Debug\CL.9828.write.1.tlog
C:\Repository\Compiler\tutorial09_vbo_indexing.dir\Debug\cl.command.1.tlog
C:\Repository\Compiler\tutorial09_vbo_indexing.dir\Debug\CL.read.1.tlog
C:\Repository\Compiler\tutorial09_vbo_indexing.dir\Debug\CL.write.1.tlog
C:\Repository\Compiler\tutorial09_vbo_indexing.dir\Debug\custombuild.command.1.tlog
C:\Repository\Compiler\tutorial09_vbo_indexing.dir\Debug\custombuild.read.1.tlog
C:\Repository\Compiler\tutorial09_vbo_indexing.dir\Debug\custombuild.write.1.tlog
C:\Repository\Compiler\tutorial09_vbo_indexing.dir\Debug\link-cvtres.read.1.tlog
C:\Repository\Compiler\tutorial09_vbo_indexing.dir\Debug\link-cvtres.write.1.tlog
C:\Repository\Compiler\tutorial09_vbo_indexing.dir\Debug\link-rc.read.1.tlog
C:\Repository\Compiler\tutorial09_vbo_indexing.dir\Debug\link-rc.write.1.tlog
C:\Repository\Compiler\tutorial09_vbo_indexing.dir\Debug\link.command.1.tlog
C:\Repository\Compiler\tutorial09_vbo_indexing.dir\Debug\link.read.1.tlog
C:\Repository\Compiler\tutorial09_vbo_indexing.dir\Debug\link.write.1.tlog
C:\Repository\Compiler\Debug\tutorial09_vbo_indexing.pdb
C:\Repository\Compiler\Debug\tutorial09_vbo_indexing.exe
C:\Repository\Compiler\Debug\tutorial09_vbo_indexing.ilk
