C:\REPOSITORY\COMPILER\TUTORIAL05_TEXTURED_CUBE.DIR\DEBUG\TEXTURE.OBJ
C:\REPOSITORY\COMPILER\TUTORIAL05_TEXTURED_CUBE.DIR\DEBUG\SHADER.OBJ
C:\REPOSITORY\COMPILER\TUTORIAL05_TEXTURED_CUBE.DIR\DEBUG\TUTORIAL05.OBJ
C:\REPOSITORY\COMPILER\DEBUG\TUTORIAL05_TEXTURED_CUBE.PDB
C:\REPOSITORY\COMPILER\CMAKEFILES\GENERATE.STAMP
C:\REPOSITORY\COMPILER\DEBUG\TUTORIAL05_TEXTURED_CUBE.ILK
C:\REPOSITORY\COMPILER\DEBUG\TUTORIAL05_TEXTURED_CUBE.EXE
C:\Repository\Compiler\tutorial05_textured_cube.dir\Debug\tutorial05_textured_cube.vcxprojResolveAssemblyReference.cache
C:\Repository\Compiler\tutorial05_textured_cube.dir\Debug\shader.obj
C:\Repository\Compiler\tutorial05_textured_cube.dir\Debug\texture.obj
C:\Repository\Compiler\tutorial05_textured_cube.dir\Debug\tutorial05.obj
C:\Repository\Compiler\tutorial05_textured_cube.dir\Debug\CL.10120.read.1.tlog
C:\Repository\Compiler\tutorial05_textured_cube.dir\Debug\CL.10120.write.1.tlog
C:\Repository\Compiler\tutorial05_textured_cube.dir\Debug\CL.7512.read.1.tlog
C:\Repository\Compiler\tutorial05_textured_cube.dir\Debug\CL.7512.write.1.tlog
C:\Repository\Compiler\tutorial05_textured_cube.dir\Debug\CL.8780.read.1.tlog
C:\Repository\Compiler\tutorial05_textured_cube.dir\Debug\CL.8780.write.1.tlog
C:\Repository\Compiler\tutorial05_textured_cube.dir\Debug\cl.command.1.tlog
C:\Repository\Compiler\tutorial05_textured_cube.dir\Debug\CL.read.1.tlog
C:\Repository\Compiler\tutorial05_textured_cube.dir\Debug\CL.write.1.tlog
C:\Repository\Compiler\tutorial05_textured_cube.dir\Debug\custombuild.command.1.tlog
C:\Repository\Compiler\tutorial05_textured_cube.dir\Debug\custombuild.read.1.tlog
C:\Repository\Compiler\tutorial05_textured_cube.dir\Debug\custombuild.write.1.tlog
C:\Repository\Compiler\tutorial05_textured_cube.dir\Debug\link-cvtres.read.1.tlog
C:\Repository\Compiler\tutorial05_textured_cube.dir\Debug\link-cvtres.write.1.tlog
C:\Repository\Compiler\tutorial05_textured_cube.dir\Debug\link-rc.read.1.tlog
C:\Repository\Compiler\tutorial05_textured_cube.dir\Debug\link-rc.write.1.tlog
C:\Repository\Compiler\tutorial05_textured_cube.dir\Debug\link.command.1.tlog
C:\Repository\Compiler\tutorial05_textured_cube.dir\Debug\link.read.1.tlog
C:\Repository\Compiler\tutorial05_textured_cube.dir\Debug\link.write.1.tlog
C:\Repository\Compiler\Debug\tutorial05_textured_cube.pdb
C:\Repository\Compiler\Debug\tutorial05_textured_cube.exe
C:\Repository\Compiler\Debug\tutorial05_textured_cube.ilk
