C:\REPOSITORY\COMPILER\TUTORIAL06_KEYBOARD_AND_MOUSE.DIR\DEBUG\SHADER.OBJ
C:\REPOSITORY\COMPILER\TUTORIAL06_KEYBOARD_AND_MOUSE.DIR\DEBUG\CONTROLS.OBJ
C:\REPOSITORY\COMPILER\TUTORIAL06_KEYBOARD_AND_MOUSE.DIR\DEBUG\TEXTURE.OBJ
C:\REPOSITORY\COMPILER\TUTORIAL06_KEYBOARD_AND_MOUSE.DIR\DEBUG\TUTORIAL06.OBJ
C:\REPOSITORY\COMPILER\DEBUG\TUTORIAL06_KEYBOARD_AND_MOUSE.PDB
C:\REPOSITORY\COMPILER\CMAKEFILES\GENERATE.STAMP
C:\REPOSITORY\COMPILER\DEBUG\TUTORIAL06_KEYBOARD_AND_MOUSE.ILK
C:\REPOSITORY\COMPILER\DEBUG\TUTORIAL06_KEYBOARD_AND_MOUSE.EXE
C:\Repository\Compiler\tutorial06_keyboard_and_mouse.dir\Debug\tutorial06_keyboard_and_mouse.vcxprojResolveAssemblyReference.cache
C:\Repository\Compiler\tutorial06_keyboard_and_mouse.dir\Debug\controls.obj
C:\Repository\Compiler\tutorial06_keyboard_and_mouse.dir\Debug\shader.obj
C:\Repository\Compiler\tutorial06_keyboard_and_mouse.dir\Debug\texture.obj
C:\Repository\Compiler\tutorial06_keyboard_and_mouse.dir\Debug\tutorial06.obj
C:\Repository\Compiler\tutorial06_keyboard_and_mouse.dir\Debug\CL.3196.read.1.tlog
C:\Repository\Compiler\tutorial06_keyboard_and_mouse.dir\Debug\CL.3196.write.1.tlog
C:\Repository\Compiler\tutorial06_keyboard_and_mouse.dir\Debug\CL.4564.read.1.tlog
C:\Repository\Compiler\tutorial06_keyboard_and_mouse.dir\Debug\CL.4564.write.1.tlog
C:\Repository\Compiler\tutorial06_keyboard_and_mouse.dir\Debug\CL.7680.read.1.tlog
C:\Repository\Compiler\tutorial06_keyboard_and_mouse.dir\Debug\CL.7680.write.1.tlog
C:\Repository\Compiler\tutorial06_keyboard_and_mouse.dir\Debug\CL.8888.read.1.tlog
C:\Repository\Compiler\tutorial06_keyboard_and_mouse.dir\Debug\CL.8888.write.1.tlog
C:\Repository\Compiler\tutorial06_keyboard_and_mouse.dir\Debug\cl.command.1.tlog
C:\Repository\Compiler\tutorial06_keyboard_and_mouse.dir\Debug\CL.read.1.tlog
C:\Repository\Compiler\tutorial06_keyboard_and_mouse.dir\Debug\CL.write.1.tlog
C:\Repository\Compiler\tutorial06_keyboard_and_mouse.dir\Debug\custombuild.command.1.tlog
C:\Repository\Compiler\tutorial06_keyboard_and_mouse.dir\Debug\custombuild.read.1.tlog
C:\Repository\Compiler\tutorial06_keyboard_and_mouse.dir\Debug\custombuild.write.1.tlog
C:\Repository\Compiler\tutorial06_keyboard_and_mouse.dir\Debug\link-cvtres.read.1.tlog
C:\Repository\Compiler\tutorial06_keyboard_and_mouse.dir\Debug\link-cvtres.write.1.tlog
C:\Repository\Compiler\tutorial06_keyboard_and_mouse.dir\Debug\link-rc.read.1.tlog
C:\Repository\Compiler\tutorial06_keyboard_and_mouse.dir\Debug\link-rc.write.1.tlog
C:\Repository\Compiler\tutorial06_keyboard_and_mouse.dir\Debug\link.command.1.tlog
C:\Repository\Compiler\tutorial06_keyboard_and_mouse.dir\Debug\link.read.1.tlog
C:\Repository\Compiler\tutorial06_keyboard_and_mouse.dir\Debug\link.write.1.tlog
C:\Repository\Compiler\Debug\tutorial06_keyboard_and_mouse.pdb
C:\Repository\Compiler\Debug\tutorial06_keyboard_and_mouse.exe
C:\Repository\Compiler\Debug\tutorial06_keyboard_and_mouse.ilk
