C:\REPOSITORY\COMPILER\TUTORIAL16_SHADOWMAPS.DIR\DEBUG\OBJLOADER.OBJ
C:\REPOSITORY\COMPILER\TUTORIAL16_SHADOWMAPS.DIR\DEBUG\TEXTURE.OBJ
C:\REPOSITORY\COMPILER\TUTORIAL16_SHADOWMAPS.DIR\DEBUG\CONTROLS.OBJ
C:\REPOSITORY\COMPILER\TUTORIAL16_SHADOWMAPS.DIR\DEBUG\SHADER.OBJ
C:\REPOSITORY\COMPILER\TUTORIAL16_SHADOWMAPS.DIR\DEBUG\TUTORIAL16.OBJ
C:\REPOSITORY\COMPILER\TUTORIAL16_SHADOWMAPS.DIR\DEBUG\VBOINDEXER.OBJ
C:\REPOSITORY\COMPILER\DEBUG\TUTORIAL16_SHADOWMAPS.PDB
C:\REPOSITORY\COMPILER\CMAKEFILES\GENERATE.STAMP
C:\REPOSITORY\COMPILER\DEBUG\TUTORIAL16_SHADOWMAPS.ILK
C:\REPOSITORY\COMPILER\DEBUG\TUTORIAL16_SHADOWMAPS.EXE
C:\Repository\Compiler\tutorial16_shadowmaps.dir\Debug\tutorial16_shadowmaps.vcxprojResolveAssemblyReference.cache
C:\Repository\Compiler\tutorial16_shadowmaps.dir\Debug\controls.obj
C:\Repository\Compiler\tutorial16_shadowmaps.dir\Debug\objloader.obj
C:\Repository\Compiler\tutorial16_shadowmaps.dir\Debug\shader.obj
C:\Repository\Compiler\tutorial16_shadowmaps.dir\Debug\texture.obj
C:\Repository\Compiler\tutorial16_shadowmaps.dir\Debug\tutorial16.obj
C:\Repository\Compiler\tutorial16_shadowmaps.dir\Debug\vboindexer.obj
C:\Repository\Compiler\tutorial16_shadowmaps.dir\Debug\CL.6060.read.1.tlog
C:\Repository\Compiler\tutorial16_shadowmaps.dir\Debug\CL.6060.write.1.tlog
C:\Repository\Compiler\tutorial16_shadowmaps.dir\Debug\CL.7424.read.1.tlog
C:\Repository\Compiler\tutorial16_shadowmaps.dir\Debug\CL.7424.write.1.tlog
C:\Repository\Compiler\tutorial16_shadowmaps.dir\Debug\CL.7616.read.1.tlog
C:\Repository\Compiler\tutorial16_shadowmaps.dir\Debug\CL.7616.write.1.tlog
C:\Repository\Compiler\tutorial16_shadowmaps.dir\Debug\CL.8004.read.1.tlog
C:\Repository\Compiler\tutorial16_shadowmaps.dir\Debug\CL.8004.write.1.tlog
C:\Repository\Compiler\tutorial16_shadowmaps.dir\Debug\CL.8068.read.1.tlog
C:\Repository\Compiler\tutorial16_shadowmaps.dir\Debug\CL.8068.write.1.tlog
C:\Repository\Compiler\tutorial16_shadowmaps.dir\Debug\CL.8476.read.1.tlog
C:\Repository\Compiler\tutorial16_shadowmaps.dir\Debug\CL.8476.write.1.tlog
C:\Repository\Compiler\tutorial16_shadowmaps.dir\Debug\cl.command.1.tlog
C:\Repository\Compiler\tutorial16_shadowmaps.dir\Debug\CL.read.1.tlog
C:\Repository\Compiler\tutorial16_shadowmaps.dir\Debug\CL.write.1.tlog
C:\Repository\Compiler\tutorial16_shadowmaps.dir\Debug\custombuild.command.1.tlog
C:\Repository\Compiler\tutorial16_shadowmaps.dir\Debug\custombuild.read.1.tlog
C:\Repository\Compiler\tutorial16_shadowmaps.dir\Debug\custombuild.write.1.tlog
C:\Repository\Compiler\tutorial16_shadowmaps.dir\Debug\link-cvtres.read.1.tlog
C:\Repository\Compiler\tutorial16_shadowmaps.dir\Debug\link-cvtres.write.1.tlog
C:\Repository\Compiler\tutorial16_shadowmaps.dir\Debug\link-rc.read.1.tlog
C:\Repository\Compiler\tutorial16_shadowmaps.dir\Debug\link-rc.write.1.tlog
C:\Repository\Compiler\tutorial16_shadowmaps.dir\Debug\link.command.1.tlog
C:\Repository\Compiler\tutorial16_shadowmaps.dir\Debug\link.read.1.tlog
C:\Repository\Compiler\tutorial16_shadowmaps.dir\Debug\link.write.1.tlog
C:\Repository\Compiler\Debug\tutorial16_shadowmaps.pdb
C:\Repository\Compiler\Debug\tutorial16_shadowmaps.exe
C:\Repository\Compiler\Debug\tutorial16_shadowmaps.ilk
