C:\REPOSITORY\COMPILER\TUTORIAL07_MODEL_LOADING.DIR\DEBUG\TEXTURE.OBJ
C:\REPOSITORY\COMPILER\TUTORIAL07_MODEL_LOADING.DIR\DEBUG\SHADER.OBJ
C:\REPOSITORY\COMPILER\TUTORIAL07_MODEL_LOADING.DIR\DEBUG\OBJLOADER.OBJ
C:\REPOSITORY\COMPILER\TUTORIAL07_MODEL_LOADING.DIR\DEBUG\TUTORIAL07.OBJ
C:\REPOSITORY\COMPILER\TUTORIAL07_MODEL_LOADING.DIR\DEBUG\CONTROLS.OBJ
C:\REPOSITORY\COMPILER\DEBUG\TUTORIAL07_MODEL_LOADING.PDB
C:\REPOSITORY\COMPILER\CMAKEFILES\GENERATE.STAMP
C:\REPOSITORY\COMPILER\DEBUG\TUTORIAL07_MODEL_LOADING.ILK
C:\REPOSITORY\COMPILER\DEBUG\TUTORIAL07_MODEL_LOADING.EXE
C:\Repository\Compiler\tutorial07_model_loading.dir\Debug\tutorial07_model_loading.vcxprojResolveAssemblyReference.cache
C:\Repository\Compiler\tutorial07_model_loading.dir\Debug\controls.obj
C:\Repository\Compiler\tutorial07_model_loading.dir\Debug\objloader.obj
C:\Repository\Compiler\tutorial07_model_loading.dir\Debug\shader.obj
C:\Repository\Compiler\tutorial07_model_loading.dir\Debug\texture.obj
C:\Repository\Compiler\tutorial07_model_loading.dir\Debug\tutorial07.obj
C:\Repository\Compiler\tutorial07_model_loading.dir\Debug\CL.4016.read.1.tlog
C:\Repository\Compiler\tutorial07_model_loading.dir\Debug\CL.4016.write.1.tlog
C:\Repository\Compiler\tutorial07_model_loading.dir\Debug\CL.4580.read.1.tlog
C:\Repository\Compiler\tutorial07_model_loading.dir\Debug\CL.4580.write.1.tlog
C:\Repository\Compiler\tutorial07_model_loading.dir\Debug\CL.4600.read.1.tlog
C:\Repository\Compiler\tutorial07_model_loading.dir\Debug\CL.4600.write.1.tlog
C:\Repository\Compiler\tutorial07_model_loading.dir\Debug\CL.4944.read.1.tlog
C:\Repository\Compiler\tutorial07_model_loading.dir\Debug\CL.4944.write.1.tlog
C:\Repository\Compiler\tutorial07_model_loading.dir\Debug\CL.5868.read.1.tlog
C:\Repository\Compiler\tutorial07_model_loading.dir\Debug\CL.5868.write.1.tlog
C:\Repository\Compiler\tutorial07_model_loading.dir\Debug\cl.command.1.tlog
C:\Repository\Compiler\tutorial07_model_loading.dir\Debug\CL.read.1.tlog
C:\Repository\Compiler\tutorial07_model_loading.dir\Debug\CL.write.1.tlog
C:\Repository\Compiler\tutorial07_model_loading.dir\Debug\custombuild.command.1.tlog
C:\Repository\Compiler\tutorial07_model_loading.dir\Debug\custombuild.read.1.tlog
C:\Repository\Compiler\tutorial07_model_loading.dir\Debug\custombuild.write.1.tlog
C:\Repository\Compiler\tutorial07_model_loading.dir\Debug\link-cvtres.read.1.tlog
C:\Repository\Compiler\tutorial07_model_loading.dir\Debug\link-cvtres.write.1.tlog
C:\Repository\Compiler\tutorial07_model_loading.dir\Debug\link-rc.read.1.tlog
C:\Repository\Compiler\tutorial07_model_loading.dir\Debug\link-rc.write.1.tlog
C:\Repository\Compiler\tutorial07_model_loading.dir\Debug\link.command.1.tlog
C:\Repository\Compiler\tutorial07_model_loading.dir\Debug\link.read.1.tlog
C:\Repository\Compiler\tutorial07_model_loading.dir\Debug\link.write.1.tlog
C:\Repository\Compiler\Debug\tutorial07_model_loading.pdb
C:\Repository\Compiler\Debug\tutorial07_model_loading.exe
C:\Repository\Compiler\Debug\tutorial07_model_loading.ilk
