C:\REPOSITORY\COMPILER\TUTORIAL02_RED_TRIANGLE.DIR\DEBUG\SHADER.OBJ
C:\REPOSITORY\COMPILER\TUTORIAL02_RED_TRIANGLE.DIR\DEBUG\TUTORIAL02.OBJ
C:\REPOSITORY\COMPILER\DEBUG\TUTORIAL02_RED_TRIANGLE.PDB
C:\REPOSITORY\COMPILER\CMAKEFILES\GENERATE.STAMP
C:\REPOSITORY\COMPILER\DEBUG\TUTORIAL02_RED_TRIANGLE.ILK
C:\REPOSITORY\COMPILER\DEBUG\TUTORIAL02_RED_TRIANGLE.EXE
C:\Repository\Compiler\tutorial02_red_triangle.dir\Debug\tutorial02_red_triangle.vcxprojResolveAssemblyReference.cache
C:\Repository\Compiler\tutorial02_red_triangle.dir\Debug\shader.obj
C:\Repository\Compiler\tutorial02_red_triangle.dir\Debug\tutorial02.obj
C:\Repository\Compiler\tutorial02_red_triangle.dir\Debug\CL.10156.read.1.tlog
C:\Repository\Compiler\tutorial02_red_triangle.dir\Debug\CL.10156.write.1.tlog
C:\Repository\Compiler\tutorial02_red_triangle.dir\Debug\CL.7332.read.1.tlog
C:\Repository\Compiler\tutorial02_red_triangle.dir\Debug\CL.7332.write.1.tlog
C:\Repository\Compiler\tutorial02_red_triangle.dir\Debug\cl.command.1.tlog
C:\Repository\Compiler\tutorial02_red_triangle.dir\Debug\CL.read.1.tlog
C:\Repository\Compiler\tutorial02_red_triangle.dir\Debug\CL.write.1.tlog
C:\Repository\Compiler\tutorial02_red_triangle.dir\Debug\custombuild.command.1.tlog
C:\Repository\Compiler\tutorial02_red_triangle.dir\Debug\custombuild.read.1.tlog
C:\Repository\Compiler\tutorial02_red_triangle.dir\Debug\custombuild.write.1.tlog
C:\Repository\Compiler\tutorial02_red_triangle.dir\Debug\link-cvtres.read.1.tlog
C:\Repository\Compiler\tutorial02_red_triangle.dir\Debug\link-cvtres.write.1.tlog
C:\Repository\Compiler\tutorial02_red_triangle.dir\Debug\link-rc.read.1.tlog
C:\Repository\Compiler\tutorial02_red_triangle.dir\Debug\link-rc.write.1.tlog
C:\Repository\Compiler\tutorial02_red_triangle.dir\Debug\link.command.1.tlog
C:\Repository\Compiler\tutorial02_red_triangle.dir\Debug\link.read.1.tlog
C:\Repository\Compiler\tutorial02_red_triangle.dir\Debug\link.write.1.tlog
C:\Repository\Compiler\Debug\tutorial02_red_triangle.pdb
C:\Repository\Compiler\Debug\tutorial02_red_triangle.exe
C:\Repository\Compiler\Debug\tutorial02_red_triangle.ilk
