C:\REPOSITORY\COMPILER\TUTORIAL01_FIRST_WINDOW.DIR\DEBUG\TUTORIAL01.OBJ
C:\REPOSITORY\COMPILER\DEBUG\TUTORIAL01_FIRST_WINDOW.PDB
C:\REPOSITORY\COMPILER\CMAKEFILES\GENERATE.STAMP
C:\REPOSITORY\COMPILER\DEBUG\TUTORIAL01_FIRST_WINDOW.ILK
C:\REPOSITORY\COMPILER\DEBUG\TUTORIAL01_FIRST_WINDOW.EXE
C:\Repository\Compiler\tutorial01_first_window.dir\Debug\tutorial01_first_window.vcxprojResolveAssemblyReference.cache
C:\Repository\Compiler\tutorial01_first_window.dir\Debug\tutorial01.obj
C:\Repository\Compiler\tutorial01_first_window.dir\Debug\cl.command.1.tlog
C:\Repository\Compiler\tutorial01_first_window.dir\Debug\CL.read.1.tlog
C:\Repository\Compiler\tutorial01_first_window.dir\Debug\CL.write.1.tlog
C:\Repository\Compiler\tutorial01_first_window.dir\Debug\custombuild.command.1.tlog
C:\Repository\Compiler\tutorial01_first_window.dir\Debug\custombuild.read.1.tlog
C:\Repository\Compiler\tutorial01_first_window.dir\Debug\custombuild.write.1.tlog
C:\Repository\Compiler\tutorial01_first_window.dir\Debug\link-cvtres.read.1.tlog
C:\Repository\Compiler\tutorial01_first_window.dir\Debug\link-cvtres.write.1.tlog
C:\Repository\Compiler\tutorial01_first_window.dir\Debug\link-rc.read.1.tlog
C:\Repository\Compiler\tutorial01_first_window.dir\Debug\link-rc.write.1.tlog
C:\Repository\Compiler\tutorial01_first_window.dir\Debug\link.command.1.tlog
C:\Repository\Compiler\tutorial01_first_window.dir\Debug\link.read.1.tlog
C:\Repository\Compiler\tutorial01_first_window.dir\Debug\link.write.1.tlog
C:\Repository\Compiler\Debug\tutorial01_first_window.pdb
C:\Repository\Compiler\Debug\tutorial01_first_window.exe
C:\Repository\Compiler\Debug\tutorial01_first_window.ilk
