C:\REPOSITORY\COMPILER\TUTORIAL08_BASIC_SHADING.DIR\DEBUG\TUTORIAL08.OBJ
C:\REPOSITORY\COMPILER\TUTORIAL08_BASIC_SHADING.DIR\DEBUG\CONTROLS.OBJ
C:\REPOSITORY\COMPILER\TUTORIAL08_BASIC_SHADING.DIR\DEBUG\OBJLOADER.OBJ
C:\REPOSITORY\COMPILER\TUTORIAL08_BASIC_SHADING.DIR\DEBUG\TEXTURE.OBJ
C:\REPOSITORY\COMPILER\TUTORIAL08_BASIC_SHADING.DIR\DEBUG\SHADER.OBJ
C:\REPOSITORY\COMPILER\DEBUG\TUTORIAL08_BASIC_SHADING.PDB
C:\REPOSITORY\COMPILER\CMAKEFILES\GENERATE.STAMP
C:\REPOSITORY\COMPILER\DEBUG\TUTORIAL08_BASIC_SHADING.ILK
C:\REPOSITORY\COMPILER\DEBUG\TUTORIAL08_BASIC_SHADING.EXE
C:\Repository\Compiler\tutorial08_basic_shading.dir\Debug\tutorial08_basic_shading.vcxprojResolveAssemblyReference.cache
C:\Repository\Compiler\tutorial08_basic_shading.dir\Debug\controls.obj
C:\Repository\Compiler\tutorial08_basic_shading.dir\Debug\objloader.obj
C:\Repository\Compiler\tutorial08_basic_shading.dir\Debug\shader.obj
C:\Repository\Compiler\tutorial08_basic_shading.dir\Debug\texture.obj
C:\Repository\Compiler\tutorial08_basic_shading.dir\Debug\tutorial08.obj
C:\Repository\Compiler\tutorial08_basic_shading.dir\Debug\CL.3948.read.1.tlog
C:\Repository\Compiler\tutorial08_basic_shading.dir\Debug\CL.3948.write.1.tlog
C:\Repository\Compiler\tutorial08_basic_shading.dir\Debug\CL.4964.read.1.tlog
C:\Repository\Compiler\tutorial08_basic_shading.dir\Debug\CL.4964.write.1.tlog
C:\Repository\Compiler\tutorial08_basic_shading.dir\Debug\CL.7644.read.1.tlog
C:\Repository\Compiler\tutorial08_basic_shading.dir\Debug\CL.7644.write.1.tlog
C:\Repository\Compiler\tutorial08_basic_shading.dir\Debug\CL.8520.read.1.tlog
C:\Repository\Compiler\tutorial08_basic_shading.dir\Debug\CL.8520.write.1.tlog
C:\Repository\Compiler\tutorial08_basic_shading.dir\Debug\CL.9392.read.1.tlog
C:\Repository\Compiler\tutorial08_basic_shading.dir\Debug\CL.9392.write.1.tlog
C:\Repository\Compiler\tutorial08_basic_shading.dir\Debug\cl.command.1.tlog
C:\Repository\Compiler\tutorial08_basic_shading.dir\Debug\CL.read.1.tlog
C:\Repository\Compiler\tutorial08_basic_shading.dir\Debug\CL.write.1.tlog
C:\Repository\Compiler\tutorial08_basic_shading.dir\Debug\custombuild.command.1.tlog
C:\Repository\Compiler\tutorial08_basic_shading.dir\Debug\custombuild.read.1.tlog
C:\Repository\Compiler\tutorial08_basic_shading.dir\Debug\custombuild.write.1.tlog
C:\Repository\Compiler\tutorial08_basic_shading.dir\Debug\link-cvtres.read.1.tlog
C:\Repository\Compiler\tutorial08_basic_shading.dir\Debug\link-cvtres.write.1.tlog
C:\Repository\Compiler\tutorial08_basic_shading.dir\Debug\link-rc.read.1.tlog
C:\Repository\Compiler\tutorial08_basic_shading.dir\Debug\link-rc.write.1.tlog
C:\Repository\Compiler\tutorial08_basic_shading.dir\Debug\link.command.1.tlog
C:\Repository\Compiler\tutorial08_basic_shading.dir\Debug\link.read.1.tlog
C:\Repository\Compiler\tutorial08_basic_shading.dir\Debug\link.write.1.tlog
C:\Repository\Compiler\Debug\tutorial08_basic_shading.pdb
C:\Repository\Compiler\Debug\tutorial08_basic_shading.exe
C:\Repository\Compiler\Debug\tutorial08_basic_shading.ilk
