C:\REPOSITORY\GAME\GAME.DIR\DEBUG\CONTROLS.OBJ
C:\REPOSITORY\GAME\GAME.DIR\DEBUG\OBJLOADER.OBJ
C:\REPOSITORY\GAME\GAME.DIR\DEBUG\SHADER.OBJ
C:\REPOSITORY\GAME\GAME.DIR\DEBUG\TEXTURE.OBJ
C:\REPOSITORY\GAME\GAME.DIR\DEBUG\MAIN.OBJ
C:\REPOSITORY\GAME\DEBUG\GAME.PDB
C:\REPOSITORY\GAME\GAME.DIR\DEBUG\OUTPUTSTATE.OBJ
C:\REPOSITORY\GAME\GAME.DIR\DEBUG\SPACEOBJECT.OBJ
C:\REPOSITORY\GAME\GAME.DIR\DEBUG\INPUTSTATE.OBJ
C:\REPOSITORY\GAME\GAME.DIR\DEBUG\GAMESTATE.OBJ
C:\REPOSITORY\GAME\CMAKEFILES\GENERATE.STAMP
C:\REPOSITORY\GAME\DEBUG\GAME.ILK
C:\REPOSITORY\GAME\DEBUG\GAME.EXE
C:\Repository\Game\Game.dir\Debug\Game.vcxprojResolveAssemblyReference.cache
C:\Repository\Game\Game.dir\Debug\controls.obj
C:\Repository\Game\Game.dir\Debug\GameState.obj
C:\Repository\Game\Game.dir\Debug\InputState.obj
C:\Repository\Game\Game.dir\Debug\main.obj
C:\Repository\Game\Game.dir\Debug\objloader.obj
C:\Repository\Game\Game.dir\Debug\OutputState.obj
C:\Repository\Game\Game.dir\Debug\shader.obj
C:\Repository\Game\Game.dir\Debug\SpaceObject.obj
C:\Repository\Game\Game.dir\Debug\texture.obj
C:\Repository\Game\Game.dir\Debug\CL.1108.read.1.tlog
C:\Repository\Game\Game.dir\Debug\CL.1108.write.1.tlog
C:\Repository\Game\Game.dir\Debug\CL.3028.read.1.tlog
C:\Repository\Game\Game.dir\Debug\CL.3028.write.1.tlog
C:\Repository\Game\Game.dir\Debug\CL.3124.read.1.tlog
C:\Repository\Game\Game.dir\Debug\CL.3124.write.1.tlog
C:\Repository\Game\Game.dir\Debug\CL.3128.read.1.tlog
C:\Repository\Game\Game.dir\Debug\CL.3128.write.1.tlog
C:\Repository\Game\Game.dir\Debug\CL.3412.read.1.tlog
C:\Repository\Game\Game.dir\Debug\CL.3412.write.1.tlog
C:\Repository\Game\Game.dir\Debug\CL.3444.read.1.tlog
C:\Repository\Game\Game.dir\Debug\CL.3444.write.1.tlog
C:\Repository\Game\Game.dir\Debug\CL.3492.read.1.tlog
C:\Repository\Game\Game.dir\Debug\CL.3492.write.1.tlog
C:\Repository\Game\Game.dir\Debug\CL.3632.read.1.tlog
C:\Repository\Game\Game.dir\Debug\CL.3632.write.1.tlog
C:\Repository\Game\Game.dir\Debug\CL.3808.read.1.tlog
C:\Repository\Game\Game.dir\Debug\CL.3808.write.1.tlog
C:\Repository\Game\Game.dir\Debug\CL.3860.read.1.tlog
C:\Repository\Game\Game.dir\Debug\CL.3860.write.1.tlog
C:\Repository\Game\Game.dir\Debug\CL.3984.read.1.tlog
C:\Repository\Game\Game.dir\Debug\CL.3984.write.1.tlog
C:\Repository\Game\Game.dir\Debug\CL.4252.read.1.tlog
C:\Repository\Game\Game.dir\Debug\CL.4252.write.1.tlog
C:\Repository\Game\Game.dir\Debug\CL.4624.read.1.tlog
C:\Repository\Game\Game.dir\Debug\CL.4624.write.1.tlog
C:\Repository\Game\Game.dir\Debug\CL.4712.read.1.tlog
C:\Repository\Game\Game.dir\Debug\CL.4712.write.1.tlog
C:\Repository\Game\Game.dir\Debug\CL.4836.read.1.tlog
C:\Repository\Game\Game.dir\Debug\CL.4836.write.1.tlog
C:\Repository\Game\Game.dir\Debug\CL.4872.read.1.tlog
C:\Repository\Game\Game.dir\Debug\CL.4872.write.1.tlog
C:\Repository\Game\Game.dir\Debug\CL.4932.read.1.tlog
C:\Repository\Game\Game.dir\Debug\CL.4932.write.1.tlog
C:\Repository\Game\Game.dir\Debug\CL.5108.read.1.tlog
C:\Repository\Game\Game.dir\Debug\CL.5108.write.1.tlog
C:\Repository\Game\Game.dir\Debug\CL.5560.read.1.tlog
C:\Repository\Game\Game.dir\Debug\CL.5560.write.1.tlog
C:\Repository\Game\Game.dir\Debug\CL.5592.read.1.tlog
C:\Repository\Game\Game.dir\Debug\CL.5592.write.1.tlog
C:\Repository\Game\Game.dir\Debug\CL.5712.read.1.tlog
C:\Repository\Game\Game.dir\Debug\CL.5712.write.1.tlog
C:\Repository\Game\Game.dir\Debug\CL.5728.read.1.tlog
C:\Repository\Game\Game.dir\Debug\CL.5728.write.1.tlog
C:\Repository\Game\Game.dir\Debug\CL.5908.read.1.tlog
C:\Repository\Game\Game.dir\Debug\CL.5908.write.1.tlog
C:\Repository\Game\Game.dir\Debug\CL.5912.read.1.tlog
C:\Repository\Game\Game.dir\Debug\CL.5912.write.1.tlog
C:\Repository\Game\Game.dir\Debug\CL.6164.read.1.tlog
C:\Repository\Game\Game.dir\Debug\CL.6164.write.1.tlog
C:\Repository\Game\Game.dir\Debug\CL.6180.read.1.tlog
C:\Repository\Game\Game.dir\Debug\CL.6180.write.1.tlog
C:\Repository\Game\Game.dir\Debug\CL.6352.read.1.tlog
C:\Repository\Game\Game.dir\Debug\CL.6352.write.1.tlog
C:\Repository\Game\Game.dir\Debug\CL.6668.read.1.tlog
C:\Repository\Game\Game.dir\Debug\CL.6668.write.1.tlog
C:\Repository\Game\Game.dir\Debug\CL.6732.read.1.tlog
C:\Repository\Game\Game.dir\Debug\CL.6732.write.1.tlog
C:\Repository\Game\Game.dir\Debug\CL.6780.read.1.tlog
C:\Repository\Game\Game.dir\Debug\CL.6780.write.1.tlog
C:\Repository\Game\Game.dir\Debug\CL.6812.read.1.tlog
C:\Repository\Game\Game.dir\Debug\CL.6812.write.1.tlog
C:\Repository\Game\Game.dir\Debug\CL.872.read.1.tlog
C:\Repository\Game\Game.dir\Debug\CL.872.write.1.tlog
C:\Repository\Game\Game.dir\Debug\cl.command.1.tlog
C:\Repository\Game\Game.dir\Debug\CL.read.1.tlog
C:\Repository\Game\Game.dir\Debug\CL.write.1.tlog
C:\Repository\Game\Game.dir\Debug\custombuild.command.1.tlog
C:\Repository\Game\Game.dir\Debug\custombuild.read.1.tlog
C:\Repository\Game\Game.dir\Debug\custombuild.write.1.tlog
C:\Repository\Game\Game.dir\Debug\link-cvtres.read.1.tlog
C:\Repository\Game\Game.dir\Debug\link-cvtres.write.1.tlog
C:\Repository\Game\Game.dir\Debug\link-rc.read.1.tlog
C:\Repository\Game\Game.dir\Debug\link-rc.write.1.tlog
C:\Repository\Game\Game.dir\Debug\link.1756-cvtres.read.1.tlog
C:\Repository\Game\Game.dir\Debug\link.1756-cvtres.write.1.tlog
C:\Repository\Game\Game.dir\Debug\link.1756-rc.read.1.tlog
C:\Repository\Game\Game.dir\Debug\link.1756-rc.write.1.tlog
C:\Repository\Game\Game.dir\Debug\link.1756.read.1.tlog
C:\Repository\Game\Game.dir\Debug\link.1756.write.1.tlog
C:\Repository\Game\Game.dir\Debug\link.4344-cvtres.read.1.tlog
C:\Repository\Game\Game.dir\Debug\link.4344-cvtres.write.1.tlog
C:\Repository\Game\Game.dir\Debug\link.4344-rc.read.1.tlog
C:\Repository\Game\Game.dir\Debug\link.4344-rc.write.1.tlog
C:\Repository\Game\Game.dir\Debug\link.4344.read.1.tlog
C:\Repository\Game\Game.dir\Debug\link.4344.write.1.tlog
C:\Repository\Game\Game.dir\Debug\link.command.1.tlog
C:\Repository\Game\Game.dir\Debug\link.read.1.tlog
C:\Repository\Game\Game.dir\Debug\link.write.1.tlog
C:\Repository\Game\Debug\Game.pdb
C:\Repository\Game\Debug\Game.exe
C:\Repository\Game\Debug\Game.ilk
