C:\REPOSITORY\COMPILER\TUTORIAL13_NORMAL_MAPPING.DIR\DEBUG\OBJLOADER.OBJ
C:\REPOSITORY\COMPILER\TUTORIAL13_NORMAL_MAPPING.DIR\DEBUG\VBOINDEXER.OBJ
C:\REPOSITORY\COMPILER\TUTORIAL13_NORMAL_MAPPING.DIR\DEBUG\CONTROLS.OBJ
C:\REPOSITORY\COMPILER\TUTORIAL13_NORMAL_MAPPING.DIR\DEBUG\TEXTURE.OBJ
C:\REPOSITORY\COMPILER\TUTORIAL13_NORMAL_MAPPING.DIR\DEBUG\TEXT2D.OBJ
C:\REPOSITORY\COMPILER\TUTORIAL13_NORMAL_MAPPING.DIR\DEBUG\TANGENTSPACE.OBJ
C:\REPOSITORY\COMPILER\TUTORIAL13_NORMAL_MAPPING.DIR\DEBUG\TUTORIAL13.OBJ
C:\REPOSITORY\COMPILER\TUTORIAL13_NORMAL_MAPPING.DIR\DEBUG\SHADER.OBJ
C:\REPOSITORY\COMPILER\DEBUG\TUTORIAL13_NORMAL_MAPPING.PDB
C:\REPOSITORY\COMPILER\CMAKEFILES\GENERATE.STAMP
C:\REPOSITORY\COMPILER\DEBUG\TUTORIAL13_NORMAL_MAPPING.ILK
C:\REPOSITORY\COMPILER\DEBUG\TUTORIAL13_NORMAL_MAPPING.EXE
C:\Repository\Compiler\tutorial13_normal_mapping.dir\Debug\tutorial13_normal_mapping.vcxprojResolveAssemblyReference.cache
C:\Repository\Compiler\tutorial13_normal_mapping.dir\Debug\controls.obj
C:\Repository\Compiler\tutorial13_normal_mapping.dir\Debug\objloader.obj
C:\Repository\Compiler\tutorial13_normal_mapping.dir\Debug\shader.obj
C:\Repository\Compiler\tutorial13_normal_mapping.dir\Debug\tangentspace.obj
C:\Repository\Compiler\tutorial13_normal_mapping.dir\Debug\text2D.obj
C:\Repository\Compiler\tutorial13_normal_mapping.dir\Debug\texture.obj
C:\Repository\Compiler\tutorial13_normal_mapping.dir\Debug\tutorial13.obj
C:\Repository\Compiler\tutorial13_normal_mapping.dir\Debug\vboindexer.obj
C:\Repository\Compiler\tutorial13_normal_mapping.dir\Debug\CL.4268.read.1.tlog
C:\Repository\Compiler\tutorial13_normal_mapping.dir\Debug\CL.4268.write.1.tlog
C:\Repository\Compiler\tutorial13_normal_mapping.dir\Debug\CL.5108.read.1.tlog
C:\Repository\Compiler\tutorial13_normal_mapping.dir\Debug\CL.5108.write.1.tlog
C:\Repository\Compiler\tutorial13_normal_mapping.dir\Debug\CL.5732.read.1.tlog
C:\Repository\Compiler\tutorial13_normal_mapping.dir\Debug\CL.5732.write.1.tlog
C:\Repository\Compiler\tutorial13_normal_mapping.dir\Debug\CL.6368.read.1.tlog
C:\Repository\Compiler\tutorial13_normal_mapping.dir\Debug\CL.6368.write.1.tlog
C:\Repository\Compiler\tutorial13_normal_mapping.dir\Debug\CL.6644.read.1.tlog
C:\Repository\Compiler\tutorial13_normal_mapping.dir\Debug\CL.6644.write.1.tlog
C:\Repository\Compiler\tutorial13_normal_mapping.dir\Debug\CL.6844.read.1.tlog
C:\Repository\Compiler\tutorial13_normal_mapping.dir\Debug\CL.6844.write.1.tlog
C:\Repository\Compiler\tutorial13_normal_mapping.dir\Debug\CL.6920.read.1.tlog
C:\Repository\Compiler\tutorial13_normal_mapping.dir\Debug\CL.6920.write.1.tlog
C:\Repository\Compiler\tutorial13_normal_mapping.dir\Debug\CL.876.read.1.tlog
C:\Repository\Compiler\tutorial13_normal_mapping.dir\Debug\CL.876.write.1.tlog
C:\Repository\Compiler\tutorial13_normal_mapping.dir\Debug\cl.command.1.tlog
C:\Repository\Compiler\tutorial13_normal_mapping.dir\Debug\CL.read.1.tlog
C:\Repository\Compiler\tutorial13_normal_mapping.dir\Debug\CL.write.1.tlog
C:\Repository\Compiler\tutorial13_normal_mapping.dir\Debug\custombuild.command.1.tlog
C:\Repository\Compiler\tutorial13_normal_mapping.dir\Debug\custombuild.read.1.tlog
C:\Repository\Compiler\tutorial13_normal_mapping.dir\Debug\custombuild.write.1.tlog
C:\Repository\Compiler\tutorial13_normal_mapping.dir\Debug\link-cvtres.read.1.tlog
C:\Repository\Compiler\tutorial13_normal_mapping.dir\Debug\link-cvtres.write.1.tlog
C:\Repository\Compiler\tutorial13_normal_mapping.dir\Debug\link-rc.read.1.tlog
C:\Repository\Compiler\tutorial13_normal_mapping.dir\Debug\link-rc.write.1.tlog
C:\Repository\Compiler\tutorial13_normal_mapping.dir\Debug\link.command.1.tlog
C:\Repository\Compiler\tutorial13_normal_mapping.dir\Debug\link.read.1.tlog
C:\Repository\Compiler\tutorial13_normal_mapping.dir\Debug\link.write.1.tlog
C:\Repository\Compiler\Debug\tutorial13_normal_mapping.pdb
C:\Repository\Compiler\Debug\tutorial13_normal_mapping.exe
C:\Repository\Compiler\Debug\tutorial13_normal_mapping.ilk
