C:\REPOSITORY\COMPILER\PLAYGROUND.DIR\DEBUG\CONTROLS.OBJ
C:\REPOSITORY\COMPILER\PLAYGROUND.DIR\DEBUG\PLAYGROUND.OBJ
C:\REPOSITORY\COMPILER\PLAYGROUND.DIR\DEBUG\OBJLOADER.OBJ
C:\REPOSITORY\COMPILER\PLAYGROUND.DIR\DEBUG\TEXTURE.OBJ
C:\REPOSITORY\COMPILER\PLAYGROUND.DIR\DEBUG\SHADER.OBJ
C:\REPOSITORY\COMPILER\DEBUG\PLAYGROUND.PDB
C:\REPOSITORY\COMPILER\CMAKEFILES\GENERATE.STAMP
C:\REPOSITORY\COMPILER\DEBUG\PLAYGROUND.ILK
C:\REPOSITORY\COMPILER\DEBUG\PLAYGROUND.EXE
C:\Repository\Compiler\playground.dir\Debug\controls.obj
C:\Repository\Compiler\playground.dir\Debug\objloader.obj
C:\Repository\Compiler\playground.dir\Debug\playground.obj
C:\Repository\Compiler\playground.dir\Debug\shader.obj
C:\Repository\Compiler\playground.dir\Debug\texture.obj
C:\Repository\Compiler\playground.dir\Debug\CL.4056.read.1.tlog
C:\Repository\Compiler\playground.dir\Debug\CL.4056.write.1.tlog
C:\Repository\Compiler\playground.dir\Debug\CL.4644.read.1.tlog
C:\Repository\Compiler\playground.dir\Debug\CL.4644.write.1.tlog
C:\Repository\Compiler\playground.dir\Debug\CL.5532.read.1.tlog
C:\Repository\Compiler\playground.dir\Debug\CL.5532.write.1.tlog
C:\Repository\Compiler\playground.dir\Debug\CL.5904.read.1.tlog
C:\Repository\Compiler\playground.dir\Debug\CL.5904.write.1.tlog
C:\Repository\Compiler\playground.dir\Debug\CL.6196.read.1.tlog
C:\Repository\Compiler\playground.dir\Debug\CL.6196.write.1.tlog
C:\Repository\Compiler\playground.dir\Debug\cl.command.1.tlog
C:\Repository\Compiler\playground.dir\Debug\CL.read.1.tlog
C:\Repository\Compiler\playground.dir\Debug\CL.write.1.tlog
C:\Repository\Compiler\playground.dir\Debug\custombuild.command.1.tlog
C:\Repository\Compiler\playground.dir\Debug\custombuild.read.1.tlog
C:\Repository\Compiler\playground.dir\Debug\custombuild.write.1.tlog
C:\Repository\Compiler\playground.dir\Debug\link-cvtres.read.1.tlog
C:\Repository\Compiler\playground.dir\Debug\link-cvtres.write.1.tlog
C:\Repository\Compiler\playground.dir\Debug\link-rc.read.1.tlog
C:\Repository\Compiler\playground.dir\Debug\link-rc.write.1.tlog
C:\Repository\Compiler\playground.dir\Debug\link.command.1.tlog
C:\Repository\Compiler\playground.dir\Debug\link.read.1.tlog
C:\Repository\Compiler\playground.dir\Debug\link.write.1.tlog
C:\Repository\Compiler\Debug\playground.pdb
C:\Repository\Compiler\Debug\playground.exe
C:\Repository\Compiler\Debug\playground.ilk
