C:\REPOSITORY\COMPILER\TUTORIAL16_SHADOWMAPS_SIMPLE.DIR\DEBUG\OBJLOADER.OBJ
C:\REPOSITORY\COMPILER\TUTORIAL16_SHADOWMAPS_SIMPLE.DIR\DEBUG\TEXTURE.OBJ
C:\REPOSITORY\COMPILER\TUTORIAL16_SHADOWMAPS_SIMPLE.DIR\DEBUG\TUTORIAL16_SIMPLEVERSION.OBJ
C:\REPOSITORY\COMPILER\TUTORIAL16_SHADOWMAPS_SIMPLE.DIR\DEBUG\VBOINDEXER.OBJ
C:\REPOSITORY\COMPILER\TUTORIAL16_SHADOWMAPS_SIMPLE.DIR\DEBUG\CONTROLS.OBJ
C:\REPOSITORY\COMPILER\TUTORIAL16_SHADOWMAPS_SIMPLE.DIR\DEBUG\SHADER.OBJ
C:\REPOSITORY\COMPILER\DEBUG\TUTORIAL16_SHADOWMAPS_SIMPLE.PDB
C:\REPOSITORY\COMPILER\CMAKEFILES\GENERATE.STAMP
C:\REPOSITORY\COMPILER\DEBUG\TUTORIAL16_SHADOWMAPS_SIMPLE.ILK
C:\REPOSITORY\COMPILER\DEBUG\TUTORIAL16_SHADOWMAPS_SIMPLE.EXE
C:\Repository\Compiler\tutorial16_shadowmaps_simple.dir\Debug\tutorial16_shadowmaps_simple.vcxprojResolveAssemblyReference.cache
C:\Repository\Compiler\tutorial16_shadowmaps_simple.dir\Debug\controls.obj
C:\Repository\Compiler\tutorial16_shadowmaps_simple.dir\Debug\objloader.obj
C:\Repository\Compiler\tutorial16_shadowmaps_simple.dir\Debug\shader.obj
C:\Repository\Compiler\tutorial16_shadowmaps_simple.dir\Debug\texture.obj
C:\Repository\Compiler\tutorial16_shadowmaps_simple.dir\Debug\tutorial16_SimpleVersion.obj
C:\Repository\Compiler\tutorial16_shadowmaps_simple.dir\Debug\vboindexer.obj
C:\Repository\Compiler\tutorial16_shadowmaps_simple.dir\Debug\CL.10188.read.1.tlog
C:\Repository\Compiler\tutorial16_shadowmaps_simple.dir\Debug\CL.10188.write.1.tlog
C:\Repository\Compiler\tutorial16_shadowmaps_simple.dir\Debug\CL.4388.read.1.tlog
C:\Repository\Compiler\tutorial16_shadowmaps_simple.dir\Debug\CL.4388.write.1.tlog
C:\Repository\Compiler\tutorial16_shadowmaps_simple.dir\Debug\CL.5124.read.1.tlog
C:\Repository\Compiler\tutorial16_shadowmaps_simple.dir\Debug\CL.5124.write.1.tlog
C:\Repository\Compiler\tutorial16_shadowmaps_simple.dir\Debug\CL.8284.read.1.tlog
C:\Repository\Compiler\tutorial16_shadowmaps_simple.dir\Debug\CL.8284.write.1.tlog
C:\Repository\Compiler\tutorial16_shadowmaps_simple.dir\Debug\CL.8436.read.1.tlog
C:\Repository\Compiler\tutorial16_shadowmaps_simple.dir\Debug\CL.8436.write.1.tlog
C:\Repository\Compiler\tutorial16_shadowmaps_simple.dir\Debug\CL.9316.read.1.tlog
C:\Repository\Compiler\tutorial16_shadowmaps_simple.dir\Debug\CL.9316.write.1.tlog
C:\Repository\Compiler\tutorial16_shadowmaps_simple.dir\Debug\cl.command.1.tlog
C:\Repository\Compiler\tutorial16_shadowmaps_simple.dir\Debug\CL.read.1.tlog
C:\Repository\Compiler\tutorial16_shadowmaps_simple.dir\Debug\CL.write.1.tlog
C:\Repository\Compiler\tutorial16_shadowmaps_simple.dir\Debug\custombuild.command.1.tlog
C:\Repository\Compiler\tutorial16_shadowmaps_simple.dir\Debug\custombuild.read.1.tlog
C:\Repository\Compiler\tutorial16_shadowmaps_simple.dir\Debug\custombuild.write.1.tlog
C:\Repository\Compiler\tutorial16_shadowmaps_simple.dir\Debug\link-cvtres.read.1.tlog
C:\Repository\Compiler\tutorial16_shadowmaps_simple.dir\Debug\link-cvtres.write.1.tlog
C:\Repository\Compiler\tutorial16_shadowmaps_simple.dir\Debug\link-rc.read.1.tlog
C:\Repository\Compiler\tutorial16_shadowmaps_simple.dir\Debug\link-rc.write.1.tlog
C:\Repository\Compiler\tutorial16_shadowmaps_simple.dir\Debug\link.command.1.tlog
C:\Repository\Compiler\tutorial16_shadowmaps_simple.dir\Debug\link.read.1.tlog
C:\Repository\Compiler\tutorial16_shadowmaps_simple.dir\Debug\link.write.1.tlog
C:\Repository\Compiler\Debug\tutorial16_shadowmaps_simple.pdb
C:\Repository\Compiler\Debug\tutorial16_shadowmaps_simple.exe
C:\Repository\Compiler\Debug\tutorial16_shadowmaps_simple.ilk
