C:\REPOSITORY\COMPILER\TUTORIAL04_COLORED_CUBE.DIR\DEBUG\TUTORIAL04.OBJ
C:\REPOSITORY\COMPILER\TUTORIAL04_COLORED_CUBE.DIR\DEBUG\SHADER.OBJ
C:\REPOSITORY\COMPILER\DEBUG\TUTORIAL04_COLORED_CUBE.PDB
C:\REPOSITORY\COMPILER\CMAKEFILES\GENERATE.STAMP
C:\REPOSITORY\COMPILER\DEBUG\TUTORIAL04_COLORED_CUBE.ILK
C:\REPOSITORY\COMPILER\DEBUG\TUTORIAL04_COLORED_CUBE.EXE
C:\Repository\Compiler\tutorial04_colored_cube.dir\Debug\tutorial04_colored_cube.vcxprojResolveAssemblyReference.cache
C:\Repository\Compiler\tutorial04_colored_cube.dir\Debug\shader.obj
C:\Repository\Compiler\tutorial04_colored_cube.dir\Debug\tutorial04.obj
C:\Repository\Compiler\tutorial04_colored_cube.dir\Debug\CL.7240.read.1.tlog
C:\Repository\Compiler\tutorial04_colored_cube.dir\Debug\CL.7240.write.1.tlog
C:\Repository\Compiler\tutorial04_colored_cube.dir\Debug\CL.8176.read.1.tlog
C:\Repository\Compiler\tutorial04_colored_cube.dir\Debug\CL.8176.write.1.tlog
C:\Repository\Compiler\tutorial04_colored_cube.dir\Debug\cl.command.1.tlog
C:\Repository\Compiler\tutorial04_colored_cube.dir\Debug\CL.read.1.tlog
C:\Repository\Compiler\tutorial04_colored_cube.dir\Debug\CL.write.1.tlog
C:\Repository\Compiler\tutorial04_colored_cube.dir\Debug\custombuild.command.1.tlog
C:\Repository\Compiler\tutorial04_colored_cube.dir\Debug\custombuild.read.1.tlog
C:\Repository\Compiler\tutorial04_colored_cube.dir\Debug\custombuild.write.1.tlog
C:\Repository\Compiler\tutorial04_colored_cube.dir\Debug\link-cvtres.read.1.tlog
C:\Repository\Compiler\tutorial04_colored_cube.dir\Debug\link-cvtres.write.1.tlog
C:\Repository\Compiler\tutorial04_colored_cube.dir\Debug\link-rc.read.1.tlog
C:\Repository\Compiler\tutorial04_colored_cube.dir\Debug\link-rc.write.1.tlog
C:\Repository\Compiler\tutorial04_colored_cube.dir\Debug\link.command.1.tlog
C:\Repository\Compiler\tutorial04_colored_cube.dir\Debug\link.read.1.tlog
C:\Repository\Compiler\tutorial04_colored_cube.dir\Debug\link.write.1.tlog
C:\Repository\Compiler\Debug\tutorial04_colored_cube.pdb
C:\Repository\Compiler\Debug\tutorial04_colored_cube.exe
C:\Repository\Compiler\Debug\tutorial04_colored_cube.ilk
