C:\REPOSITORY\COMPILER\TUTORIAL17_ROTATIONS.DIR\DEBUG\CONTROLS.OBJ
C:\REPOSITORY\COMPILER\TUTORIAL17_ROTATIONS.DIR\DEBUG\VBOINDEXER.OBJ
C:\REPOSITORY\COMPILER\TUTORIAL17_ROTATIONS.DIR\DEBUG\SHADER.OBJ
C:\REPOSITORY\COMPILER\TUTORIAL17_ROTATIONS.DIR\DEBUG\TUTORIAL17.OBJ
C:\REPOSITORY\COMPILER\TUTORIAL17_ROTATIONS.DIR\DEBUG\TEXTURE.OBJ
C:\REPOSITORY\COMPILER\TUTORIAL17_ROTATIONS.DIR\DEBUG\OBJLOADER.OBJ
C:\REPOSITORY\COMPILER\TUTORIAL17_ROTATIONS.DIR\DEBUG\QUATERNION_UTILS.OBJ
C:\REPOSITORY\COMPILER\DEBUG\TUTORIAL17_ROTATIONS.PDB
C:\REPOSITORY\COMPILER\CMAKEFILES\GENERATE.STAMP
C:\REPOSITORY\COMPILER\DEBUG\TUTORIAL17_ROTATIONS.ILK
C:\REPOSITORY\COMPILER\DEBUG\TUTORIAL17_ROTATIONS.EXE
C:\Repository\Compiler\tutorial17_rotations.dir\Debug\tutorial17_rotations.vcxprojResolveAssemblyReference.cache
C:\Repository\Compiler\tutorial17_rotations.dir\Debug\controls.obj
C:\Repository\Compiler\tutorial17_rotations.dir\Debug\objloader.obj
C:\Repository\Compiler\tutorial17_rotations.dir\Debug\quaternion_utils.obj
C:\Repository\Compiler\tutorial17_rotations.dir\Debug\shader.obj
C:\Repository\Compiler\tutorial17_rotations.dir\Debug\texture.obj
C:\Repository\Compiler\tutorial17_rotations.dir\Debug\tutorial17.obj
C:\Repository\Compiler\tutorial17_rotations.dir\Debug\vboindexer.obj
C:\Repository\Compiler\tutorial17_rotations.dir\Debug\CL.1592.read.1.tlog
C:\Repository\Compiler\tutorial17_rotations.dir\Debug\CL.1592.write.1.tlog
C:\Repository\Compiler\tutorial17_rotations.dir\Debug\CL.5080.read.1.tlog
C:\Repository\Compiler\tutorial17_rotations.dir\Debug\CL.5080.write.1.tlog
C:\Repository\Compiler\tutorial17_rotations.dir\Debug\CL.5156.read.1.tlog
C:\Repository\Compiler\tutorial17_rotations.dir\Debug\CL.5156.write.1.tlog
C:\Repository\Compiler\tutorial17_rotations.dir\Debug\CL.6196.read.1.tlog
C:\Repository\Compiler\tutorial17_rotations.dir\Debug\CL.6196.write.1.tlog
C:\Repository\Compiler\tutorial17_rotations.dir\Debug\CL.6544.read.1.tlog
C:\Repository\Compiler\tutorial17_rotations.dir\Debug\CL.6544.write.1.tlog
C:\Repository\Compiler\tutorial17_rotations.dir\Debug\CL.7044.read.1.tlog
C:\Repository\Compiler\tutorial17_rotations.dir\Debug\CL.7044.write.1.tlog
C:\Repository\Compiler\tutorial17_rotations.dir\Debug\CL.8160.read.1.tlog
C:\Repository\Compiler\tutorial17_rotations.dir\Debug\CL.8160.write.1.tlog
C:\Repository\Compiler\tutorial17_rotations.dir\Debug\cl.command.1.tlog
C:\Repository\Compiler\tutorial17_rotations.dir\Debug\CL.read.1.tlog
C:\Repository\Compiler\tutorial17_rotations.dir\Debug\CL.write.1.tlog
C:\Repository\Compiler\tutorial17_rotations.dir\Debug\custombuild.command.1.tlog
C:\Repository\Compiler\tutorial17_rotations.dir\Debug\custombuild.read.1.tlog
C:\Repository\Compiler\tutorial17_rotations.dir\Debug\custombuild.write.1.tlog
C:\Repository\Compiler\tutorial17_rotations.dir\Debug\link-cvtres.read.1.tlog
C:\Repository\Compiler\tutorial17_rotations.dir\Debug\link-cvtres.write.1.tlog
C:\Repository\Compiler\tutorial17_rotations.dir\Debug\link-rc.read.1.tlog
C:\Repository\Compiler\tutorial17_rotations.dir\Debug\link-rc.write.1.tlog
C:\Repository\Compiler\tutorial17_rotations.dir\Debug\link.command.1.tlog
C:\Repository\Compiler\tutorial17_rotations.dir\Debug\link.read.1.tlog
C:\Repository\Compiler\tutorial17_rotations.dir\Debug\link.write.1.tlog
C:\Repository\Compiler\Debug\tutorial17_rotations.pdb
C:\Repository\Compiler\Debug\tutorial17_rotations.exe
C:\Repository\Compiler\Debug\tutorial17_rotations.ilk
